<?xml version="1.0" encoding="utf-8"?>
<coverage line-rate="0.035699999999999996" branch-rate="0.013300000000000001" version="1.9" timestamp="1778143841" lines-covered="46" lines-valid="1288" branches-covered="8" branches-valid="598">
  <sources>
    <source>/home/runner/work/Nexora/Nexora/src/</source>
  </sources>
  <packages>
    <package name="Nexora.SearchAPI" line-rate="0.0229" branch-rate="0.013300000000000001" complexity="681">
      <classes>
        <class name="Program" filename="Nexora.SearchAPI/Program.cs" line-rate="0" branch-rate="0" complexity="16">
          <methods>
            <method name="&lt;Main&gt;$" signature="(System.String[])" line-rate="0" branch-rate="0" complexity="16">
              <lines>
                <line number="15" hits="0" branch="False" />
                <line number="17" hits="0" branch="False" />
                <line number="18" hits="0" branch="False" />
                <line number="19" hits="0" branch="False" />
                <line number="20" hits="0" branch="False" />
                <line number="21" hits="0" branch="False" />
                <line number="22" hits="0" branch="False" />
                <line number="23" hits="0" branch="False" />
                <line number="24" hits="0" branch="False" />
                <line number="25" hits="0" branch="False" />
                <line number="26" hits="0" branch="False" />
                <line number="27" hits="0" branch="False" />
                <line number="28" hits="0" branch="False" />
                <line number="30" hits="0" branch="False" />
                <line number="31" hits="0" branch="False" />
                <line number="32" hits="0" branch="False" />
                <line number="33" hits="0" branch="False" />
                <line number="34" hits="0" branch="False" />
                <line number="35" hits="0" branch="True" condition-coverage="0% (0/2)">
                  <conditions>
                    <condition number="50" type="jump" coverage="0%" />
                  </conditions>
                </line>
                <line number="36" hits="0" branch="False" />
                <line number="37" hits="0" branch="True" condition-coverage="0% (0/4)">
                  <conditions>
                    <condition number="83" type="jump" coverage="0%" />
                    <condition number="86" type="jump" coverage="0%" />
                  </conditions>
                </line>
                <line number="38" hits="0" branch="False" />
                <line number="39" hits="0" branch="False" />
                <line number="40" hits="0" branch="True" condition-coverage="0% (0/2)">
                  <conditions>
                    <condition number="106" type="jump" coverage="0%" />
                  </conditions>
                </line>
                <line number="41" hits="0" branch="False" />
                <line number="42" hits="0" branch="False" />
                <line number="43" hits="0" branch="False" />
                <line number="44" hits="0" branch="False" />
                <line number="45" hits="0" branch="False" />
                <line number="46" hits="0" branch="False" />
                <line number="47" hits="0" branch="False" />
                <line number="48" hits="0" branch="False" />
                <line number="49" hits="0" branch="False" />
                <line number="50" hits="0" branch="False" />
                <line number="51" hits="0" branch="False" />
                <line number="52" hits="0" branch="False" />
                <line number="53" hits="0" branch="False" />
                <line number="54" hits="0" branch="False" />
                <line number="55" hits="0" branch="False" />
                <line number="56" hits="0" branch="False" />
                <line number="57" hits="0" branch="False" />
                <line number="59" hits="0" branch="False" />
                <line number="60" hits="0" branch="False" />
                <line number="61" hits="0" branch="False" />
                <line number="62" hits="0" branch="False" />
                <line number="63" hits="0" branch="False" />
                <line number="64" hits="0" branch="False" />
                <line number="65" hits="0" branch="False" />
                <line number="66" hits="0" branch="False" />
                <line number="68" hits="0" branch="False" />
                <line number="69" hits="0" branch="True" condition-coverage="0% (0/2)">
                  <conditions>
                    <condition number="22" type="jump" coverage="0%" />
                  </conditions>
                </line>
                <line number="70" hits="0" branch="False" />
                <line number="72" hits="0" branch="False" />
                <line number="73" hits="0" branch="False" />
                <line number="74" hits="0" branch="False" />
                <line number="75" hits="0" branch="False" />
                <line number="77" hits="0" branch="False" />
                <line number="78" hits="0" branch="False" />
                <line number="79" hits="0" branch="False" />
                <line number="80" hits="0" branch="False" />
                <line number="81" hits="0" branch="False" />
                <line number="82" hits="0" branch="False" />
                <line number="83" hits="0" branch="False" />
                <line number="85" hits="0" branch="False" />
                <line number="87" hits="0" branch="False" />
                <line number="88" hits="0" branch="False" />
                <line number="90" hits="0" branch="False" />
                <line number="91" hits="0" branch="False" />
                <line number="93" hits="0" branch="True" condition-coverage="0% (0/2)">
                  <conditions>
                    <condition number="8" type="jump" coverage="0%" />
                  </conditions>
                </line>
                <line number="94" hits="0" branch="True" condition-coverage="0% (0/2)">
                  <conditions>
                    <condition number="28" type="jump" coverage="0%" />
                  </conditions>
                </line>
                <line number="95" hits="0" branch="False" />
                <line number="97" hits="0" branch="False" />
                <line number="99" hits="0" branch="False" />
                <line number="101" hits="0" branch="False" />
                <line number="102" hits="0" branch="False" />
                <line number="103" hits="0" branch="False" />
                <line number="104" hits="0" branch="False" />
                <line number="105" hits="0" branch="False" />
                <line number="106" hits="0" branch="False" />
                <line number="107" hits="0" branch="False" />
                <line number="108" hits="0" branch="False" />
                <line number="109" hits="0" branch="False" />
                <line number="110" hits="0" branch="False" />
                <line number="111" hits="0" branch="False" />
                <line number="112" hits="0" branch="False" />
                <line number="113" hits="0" branch="False" />
                <line number="114" hits="0" branch="False" />
                <line number="115" hits="0" branch="False" />
                <line number="116" hits="0" branch="False" />
                <line number="117" hits="0" branch="False" />
                <line number="118" hits="0" branch="False" />
                <line number="119" hits="0" branch="False" />
                <line number="120" hits="0" branch="False" />
                <line number="121" hits="0" branch="False" />
                <line number="122" hits="0" branch="False" />
                <line number="123" hits="0" branch="False" />
                <line number="124" hits="0" branch="False" />
                <line number="125" hits="0" branch="False" />
                <line number="126" hits="0" branch="False" />
                <line number="127" hits="0" branch="False" />
                <line number="129" hits="0" branch="True" condition-coverage="0% (0/2)">
                  <conditions>
                    <condition number="650" type="jump" coverage="0%" />
                  </conditions>
                </line>
                <line number="131" hits="0" branch="False" />
                <line number="132" hits="0" branch="False" />
                <line number="135" hits="0" branch="False" />
                <line number="136" hits="0" branch="False" />
                <line number="137" hits="0" branch="False" />
                <line number="138" hits="0" branch="False" />
                <line number="139" hits="0" branch="False" />
                <line number="141" hits="0" branch="False" />
                <line number="142" hits="0" branch="False" />
                <line number="143" hits="0" branch="False" />
                <line number="144" hits="0" branch="False" />
                <line number="146" hits="0" branch="False" />
              </lines>
            </method>
          </methods>
          <lines>
            <line number="15" hits="0" branch="False" />
            <line number="17" hits="0" branch="False" />
            <line number="18" hits="0" branch="False" />
            <line number="19" hits="0" branch="False" />
            <line number="20" hits="0" branch="False" />
            <line number="21" hits="0" branch="False" />
            <line number="22" hits="0" branch="False" />
            <line number="23" hits="0" branch="False" />
            <line number="24" hits="0" branch="False" />
            <line number="25" hits="0" branch="False" />
            <line number="26" hits="0" branch="False" />
            <line number="27" hits="0" branch="False" />
            <line number="28" hits="0" branch="False" />
            <line number="30" hits="0" branch="False" />
            <line number="31" hits="0" branch="False" />
            <line number="32" hits="0" branch="False" />
            <line number="33" hits="0" branch="False" />
            <line number="34" hits="0" branch="False" />
            <line number="35" hits="0" branch="True" condition-coverage="0% (0/2)">
              <conditions>
                <condition number="50" type="jump" coverage="0%" />
              </conditions>
            </line>
            <line number="36" hits="0" branch="False" />
            <line number="37" hits="0" branch="True" condition-coverage="0% (0/4)">
              <conditions>
                <condition number="83" type="jump" coverage="0%" />
                <condition number="86" type="jump" coverage="0%" />
              </conditions>
            </line>
            <line number="38" hits="0" branch="False" />
            <line number="39" hits="0" branch="False" />
            <line number="40" hits="0" branch="True" condition-coverage="0% (0/2)">
              <conditions>
                <condition number="106" type="jump" coverage="0%" />
              </conditions>
            </line>
            <line number="41" hits="0" branch="False" />
            <line number="42" hits="0" branch="False" />
            <line number="43" hits="0" branch="False" />
            <line number="44" hits="0" branch="False" />
            <line number="45" hits="0" branch="False" />
            <line number="46" hits="0" branch="False" />
            <line number="47" hits="0" branch="False" />
            <line number="48" hits="0" branch="False" />
            <line number="49" hits="0" branch="False" />
            <line number="50" hits="0" branch="False" />
            <line number="51" hits="0" branch="False" />
            <line number="52" hits="0" branch="False" />
            <line number="53" hits="0" branch="False" />
            <line number="54" hits="0" branch="False" />
            <line number="55" hits="0" branch="False" />
            <line number="56" hits="0" branch="False" />
            <line number="57" hits="0" branch="False" />
            <line number="59" hits="0" branch="False" />
            <line number="60" hits="0" branch="False" />
            <line number="61" hits="0" branch="False" />
            <line number="62" hits="0" branch="False" />
            <line number="63" hits="0" branch="False" />
            <line number="64" hits="0" branch="False" />
            <line number="65" hits="0" branch="False" />
            <line number="66" hits="0" branch="False" />
            <line number="68" hits="0" branch="False" />
            <line number="69" hits="0" branch="True" condition-coverage="0% (0/2)">
              <conditions>
                <condition number="22" type="jump" coverage="0%" />
              </conditions>
            </line>
            <line number="70" hits="0" branch="False" />
            <line number="72" hits="0" branch="False" />
            <line number="73" hits="0" branch="False" />
            <line number="74" hits="0" branch="False" />
            <line number="75" hits="0" branch="False" />
            <line number="77" hits="0" branch="False" />
            <line number="78" hits="0" branch="False" />
            <line number="79" hits="0" branch="False" />
            <line number="80" hits="0" branch="False" />
            <line number="81" hits="0" branch="False" />
            <line number="82" hits="0" branch="False" />
            <line number="83" hits="0" branch="False" />
            <line number="85" hits="0" branch="False" />
            <line number="87" hits="0" branch="False" />
            <line number="88" hits="0" branch="False" />
            <line number="90" hits="0" branch="False" />
            <line number="91" hits="0" branch="False" />
            <line number="93" hits="0" branch="True" condition-coverage="0% (0/2)">
              <conditions>
                <condition number="8" type="jump" coverage="0%" />
              </conditions>
            </line>
            <line number="94" hits="0" branch="True" condition-coverage="0% (0/2)">
              <conditions>
                <condition number="28" type="jump" coverage="0%" />
              </conditions>
            </line>
            <line number="95" hits="0" branch="False" />
            <line number="97" hits="0" branch="False" />
            <line number="99" hits="0" branch="False" />
            <line number="101" hits="0" branch="False" />
            <line number="102" hits="0" branch="False" />
            <line number="103" hits="0" branch="False" />
            <line number="104" hits="0" branch="False" />
            <line number="105" hits="0" branch="False" />
            <line number="106" hits="0" branch="False" />
            <line number="107" hits="0" branch="False" />
            <line number="108" hits="0" branch="False" />
            <line number="109" hits="0" branch="False" />
            <line number="110" hits="0" branch="False" />
            <line number="111" hits="0" branch="False" />
            <line number="112" hits="0" branch="False" />
            <line number="113" hits="0" branch="False" />
            <line number="114" hits="0" branch="False" />
            <line number="115" hits="0" branch="False" />
            <line number="116" hits="0" branch="False" />
            <line number="117" hits="0" branch="False" />
            <line number="118" hits="0" branch="False" />
            <line number="119" hits="0" branch="False" />
            <line number="120" hits="0" branch="False" />
            <line number="121" hits="0" branch="False" />
            <line number="122" hits="0" branch="False" />
            <line number="123" hits="0" branch="False" />
            <line number="124" hits="0" branch="False" />
            <line number="125" hits="0" branch="False" />
            <line number="126" hits="0" branch="False" />
            <line number="127" hits="0" branch="False" />
            <line number="129" hits="0" branch="True" condition-coverage="0% (0/2)">
              <conditions>
                <condition number="650" type="jump" coverage="0%" />
              </conditions>
            </line>
            <line number="131" hits="0" branch="False" />
            <line number="132" hits="0" branch="False" />
            <line number="135" hits="0" branch="False" />
            <line number="136" hits="0" branch="False" />
            <line number="137" hits="0" branch="False" />
            <line number="138" hits="0" branch="False" />
            <line number="139" hits="0" branch="False" />
            <line number="141" hits="0" branch="False" />
            <line number="142" hits="0" branch="False" />
            <line number="143" hits="0" branch="False" />
            <line number="144" hits="0" branch="False" />
            <line number="146" hits="0" branch="False" />
          </lines>
        </class>
        <class name="Program/&lt;&gt;c/&lt;&lt;&lt;Main&gt;$&gt;b__0_7&gt;d" filename="Nexora.SearchAPI/Program.cs" line-rate="1" branch-rate="0" complexity="4">
          <methods />
          <lines />
        </class>
        <class name="System.Text.RegularExpressions.Generated.&lt;RegexGenerator_g&gt;F487BC3F55FD4E19245813EC3A4A9C98D07A2ACB3E7B422924AF0693215655CD1__MerchantIdPattern_0" filename="Nexora.SearchAPI/obj/Release/net10.0/System.Text.RegularExpressions.Generator/System.Text.RegularExpressions.Generator.RegexGenerator/RegexGenerator.g.cs" line-rate="0" branch-rate="1" complexity="2">
          <methods>
            <method name=".ctor" signature="()" line-rate="0" branch-rate="1" complexity="1">
              <lines>
                <line number="347" hits="0" branch="False" />
                <line number="349" hits="0" branch="False" />
                <line number="350" hits="0" branch="False" />
                <line number="351" hits="0" branch="False" />
                <line number="352" hits="0" branch="False" />
                <line number="353" hits="0" branch="False" />
                <line number="354" hits="0" branch="False" />
                <line number="355" hits="0" branch="False" />
              </lines>
            </method>
            <method name=".cctor" signature="()" line-rate="0" branch-rate="1" complexity="1">
              <lines>
                <line number="344" hits="0" branch="False" />
              </lines>
            </method>
          </methods>
          <lines>
            <line number="347" hits="0" branch="False" />
            <line number="349" hits="0" branch="False" />
            <line number="350" hits="0" branch="False" />
            <line number="351" hits="0" branch="False" />
            <line number="352" hits="0" branch="False" />
            <line number="353" hits="0" branch="False" />
            <line number="354" hits="0" branch="False" />
            <line number="355" hits="0" branch="False" />
            <line number="344" hits="0" branch="False" />
          </lines>
        </class>
        <class name="System.Text.RegularExpressions.Generated.&lt;RegexGenerator_g&gt;F487BC3F55FD4E19245813EC3A4A9C98D07A2ACB3E7B422924AF0693215655CD1__MerchantIdPattern_0/RunnerFactory" filename="Nexora.SearchAPI/obj/Release/net10.0/System.Text.RegularExpressions.Generator/System.Text.RegularExpressions.Generator.RegexGenerator/RegexGenerator.g.cs" line-rate="0" branch-rate="1" complexity="1">
          <methods>
            <method name="CreateInstance" signature="()" line-rate="0" branch-rate="1" complexity="1">
              <lines>
                <line number="361" hits="0" branch="False" />
              </lines>
            </method>
          </methods>
          <lines>
            <line number="361" hits="0" branch="False" />
          </lines>
        </class>
        <class name="System.Text.RegularExpressions.Generated.&lt;RegexGenerator_g&gt;F487BC3F55FD4E19245813EC3A4A9C98D07A2ACB3E7B422924AF0693215655CD1__MerchantIdPattern_0/RunnerFactory/Runner" filename="Nexora.SearchAPI/obj/Release/net10.0/System.Text.RegularExpressions.Generator/System.Text.RegularExpressions.Generator.RegexGenerator/RegexGenerator.g.cs" line-rate="0" branch-rate="0" complexity="20">
          <methods>
            <method name="Scan" signature="(System.ReadOnlySpan`1&lt;System.Char&gt;)" line-rate="0" branch-rate="0" complexity="8">
              <lines>
                <line number="371" hits="0" branch="True" condition-coverage="0% (0/6)">
                  <conditions>
                    <condition number="60" type="jump" coverage="0%" />
                    <condition number="36" type="jump" coverage="0%" />
                    <condition number="45" type="jump" coverage="0%" />
                  </conditions>
                </line>
                <line number="372" hits="0" branch="False" />
                <line number="373" hits="0" branch="False" />
                <line number="375" hits="0" branch="False" />
                <line number="376" hits="0" branch="True" condition-coverage="0% (0/2)">
                  <conditions>
                    <condition number="21" type="jump" coverage="0%" />
                  </conditions>
                </line>
                <line number="378" hits="0" branch="False" />
                <line number="381" hits="0" branch="False" />
              </lines>
            </method>
            <method name="TryFindNextPossibleStartingPosition" signature="(System.ReadOnlySpan`1&lt;System.Char&gt;)" line-rate="0" branch-rate="0" complexity="4">
              <lines>
                <line number="388" hits="0" branch="False" />
                <line number="391" hits="0" branch="True" condition-coverage="0% (0/2)">
                  <conditions>
                    <condition number="18" type="jump" coverage="0%" />
                  </conditions>
                </line>
                <line number="395" hits="0" branch="False" />
                <line number="396" hits="0" branch="True" condition-coverage="0% (0/2)">
                  <conditions>
                    <condition number="41" type="jump" coverage="0%" />
                  </conditions>
                </line>
                <line number="398" hits="0" branch="False" />
                <line number="399" hits="0" branch="False" />
                <line number="404" hits="0" branch="False" />
                <line number="405" hits="0" branch="False" />
              </lines>
            </method>
            <method name="TryMatchAtCurrentPosition" signature="(System.ReadOnlySpan`1&lt;System.Char&gt;)" line-rate="0" branch-rate="0" complexity="8">
              <lines>
                <line number="413" hits="0" branch="False" />
                <line number="414" hits="0" branch="False" />
                <line number="415" hits="0" branch="False" />
                <line number="418" hits="0" branch="True" condition-coverage="0% (0/2)">
                  <conditions>
                    <condition number="25" type="jump" coverage="0%" />
                  </conditions>
                </line>
                <line number="420" hits="0" branch="False" />
                <line number="423" hits="0" branch="True" condition-coverage="0% (0/4)">
                  <conditions>
                    <condition number="38" type="jump" coverage="0%" />
                    <condition number="57" type="jump" coverage="0%" />
                  </conditions>
                </line>
                <line number="424" hits="0" branch="False" />
                <line number="426" hits="0" branch="False" />
                <line number="430" hits="0" branch="True" condition-coverage="0% (0/2)">
                  <conditions>
                    <condition number="71" type="jump" coverage="0%" />
                  </conditions>
                </line>
                <line number="432" hits="0" branch="False" />
                <line number="436" hits="0" branch="False" />
                <line number="437" hits="0" branch="False" />
                <line number="438" hits="0" branch="False" />
                <line number="439" hits="0" branch="False" />
              </lines>
            </method>
          </methods>
          <lines>
            <line number="371" hits="0" branch="True" condition-coverage="0% (0/6)">
              <conditions>
                <condition number="60" type="jump" coverage="0%" />
                <condition number="36" type="jump" coverage="0%" />
                <condition number="45" type="jump" coverage="0%" />
              </conditions>
            </line>
            <line number="372" hits="0" branch="False" />
            <line number="373" hits="0" branch="False" />
            <line number="375" hits="0" branch="False" />
            <line number="376" hits="0" branch="True" condition-coverage="0% (0/2)">
              <conditions>
                <condition number="21" type="jump" coverage="0%" />
              </conditions>
            </line>
            <line number="378" hits="0" branch="False" />
            <line number="381" hits="0" branch="False" />
            <line number="388" hits="0" branch="False" />
            <line number="391" hits="0" branch="True" condition-coverage="0% (0/2)">
              <conditions>
                <condition number="18" type="jump" coverage="0%" />
              </conditions>
            </line>
            <line number="395" hits="0" branch="False" />
            <line number="396" hits="0" branch="True" condition-coverage="0% (0/2)">
              <conditions>
                <condition number="41" type="jump" coverage="0%" />
              </conditions>
            </line>
            <line number="398" hits="0" branch="False" />
            <line number="399" hits="0" branch="False" />
            <line number="404" hits="0" branch="False" />
            <line number="405" hits="0" branch="False" />
            <line number="413" hits="0" branch="False" />
            <line number="414" hits="0" branch="False" />
            <line number="415" hits="0" branch="False" />
            <line number="418" hits="0" branch="True" condition-coverage="0% (0/2)">
              <conditions>
                <condition number="25" type="jump" coverage="0%" />
              </conditions>
            </line>
            <line number="420" hits="0" branch="False" />
            <line number="423" hits="0" branch="True" condition-coverage="0% (0/4)">
              <conditions>
                <condition number="38" type="jump" coverage="0%" />
                <condition number="57" type="jump" coverage="0%" />
              </conditions>
            </line>
            <line number="424" hits="0" branch="False" />
            <line number="426" hits="0" branch="False" />
            <line number="430" hits="0" branch="True" condition-coverage="0% (0/2)">
              <conditions>
                <condition number="71" type="jump" coverage="0%" />
              </conditions>
            </line>
            <line number="432" hits="0" branch="False" />
            <line number="436" hits="0" branch="False" />
            <line number="437" hits="0" branch="False" />
            <line number="438" hits="0" branch="False" />
            <line number="439" hits="0" branch="False" />
          </lines>
        </class>
        <class name="System.Text.RegularExpressions.Generated.&lt;RegexGenerator_g&gt;F487BC3F55FD4E19245813EC3A4A9C98D07A2ACB3E7B422924AF0693215655CD1__FilterFieldPattern_1" filename="Nexora.SearchAPI/obj/Release/net10.0/System.Text.RegularExpressions.Generator/System.Text.RegularExpressions.Generator.RegexGenerator/RegexGenerator.g.cs" line-rate="0" branch-rate="1" complexity="2">
          <methods>
            <method name=".ctor" signature="()" line-rate="0" branch-rate="1" complexity="1">
              <lines>
                <line number="454" hits="0" branch="False" />
                <line number="456" hits="0" branch="False" />
                <line number="457" hits="0" branch="False" />
                <line number="458" hits="0" branch="False" />
                <line number="459" hits="0" branch="False" />
                <line number="460" hits="0" branch="False" />
                <line number="461" hits="0" branch="False" />
                <line number="462" hits="0" branch="False" />
                <line number="463" hits="0" branch="False" />
                <line number="464" hits="0" branch="False" />
              </lines>
            </method>
            <method name=".cctor" signature="()" line-rate="0" branch-rate="1" complexity="1">
              <lines>
                <line number="451" hits="0" branch="False" />
              </lines>
            </method>
          </methods>
          <lines>
            <line number="454" hits="0" branch="False" />
            <line number="456" hits="0" branch="False" />
            <line number="457" hits="0" branch="False" />
            <line number="458" hits="0" branch="False" />
            <line number="459" hits="0" branch="False" />
            <line number="460" hits="0" branch="False" />
            <line number="461" hits="0" branch="False" />
            <line number="462" hits="0" branch="False" />
            <line number="463" hits="0" branch="False" />
            <line number="464" hits="0" branch="False" />
            <line number="451" hits="0" branch="False" />
          </lines>
        </class>
        <class name="System.Text.RegularExpressions.Generated.&lt;RegexGenerator_g&gt;F487BC3F55FD4E19245813EC3A4A9C98D07A2ACB3E7B422924AF0693215655CD1__FilterFieldPattern_1/RunnerFactory" filename="Nexora.SearchAPI/obj/Release/net10.0/System.Text.RegularExpressions.Generator/System.Text.RegularExpressions.Generator.RegexGenerator/RegexGenerator.g.cs" line-rate="0" branch-rate="1" complexity="1">
          <methods>
            <method name="CreateInstance" signature="()" line-rate="0" branch-rate="1" complexity="1">
              <lines>
                <line number="470" hits="0" branch="False" />
              </lines>
            </method>
          </methods>
          <lines>
            <line number="470" hits="0" branch="False" />
          </lines>
        </class>
        <class name="System.Text.RegularExpressions.Generated.&lt;RegexGenerator_g&gt;F487BC3F55FD4E19245813EC3A4A9C98D07A2ACB3E7B422924AF0693215655CD1__FilterFieldPattern_1/RunnerFactory/Runner" filename="Nexora.SearchAPI/obj/Release/net10.0/System.Text.RegularExpressions.Generator/System.Text.RegularExpressions.Generator.RegexGenerator/RegexGenerator.g.cs" line-rate="0" branch-rate="0" complexity="26">
          <methods>
            <method name="Scan" signature="(System.ReadOnlySpan`1&lt;System.Char&gt;)" line-rate="0" branch-rate="0" complexity="8">
              <lines>
                <line number="480" hits="0" branch="True" condition-coverage="0% (0/6)">
                  <conditions>
                    <condition number="60" type="jump" coverage="0%" />
                    <condition number="36" type="jump" coverage="0%" />
                    <condition number="45" type="jump" coverage="0%" />
                  </conditions>
                </line>
                <line number="481" hits="0" branch="False" />
                <line number="482" hits="0" branch="False" />
                <line number="484" hits="0" branch="False" />
                <line number="485" hits="0" branch="True" condition-coverage="0% (0/2)">
                  <conditions>
                    <condition number="21" type="jump" coverage="0%" />
                  </conditions>
                </line>
                <line number="487" hits="0" branch="False" />
                <line number="490" hits="0" branch="False" />
              </lines>
            </method>
            <method name="TryFindNextPossibleStartingPosition" signature="(System.ReadOnlySpan`1&lt;System.Char&gt;)" line-rate="0" branch-rate="0" complexity="4">
              <lines>
                <line number="497" hits="0" branch="False" />
                <line number="500" hits="0" branch="True" condition-coverage="0% (0/2)">
                  <conditions>
                    <condition number="17" type="jump" coverage="0%" />
                  </conditions>
                </line>
                <line number="504" hits="0" branch="False" />
                <line number="505" hits="0" branch="True" condition-coverage="0% (0/2)">
                  <conditions>
                    <condition number="40" type="jump" coverage="0%" />
                  </conditions>
                </line>
                <line number="507" hits="0" branch="False" />
                <line number="508" hits="0" branch="False" />
                <line number="513" hits="0" branch="False" />
                <line number="514" hits="0" branch="False" />
              </lines>
            </method>
            <method name="TryMatchAtCurrentPosition" signature="(System.ReadOnlySpan`1&lt;System.Char&gt;)" line-rate="0" branch-rate="0" complexity="12">
              <lines>
                <line number="522" hits="0" branch="False" />
                <line number="523" hits="0" branch="False" />
                <line number="524" hits="0" branch="False" />
                <line number="525" hits="0" branch="False" />
                <line number="529" hits="0" branch="False" />
                <line number="533" hits="0" branch="False" />
                <line number="534" hits="0" branch="True" condition-coverage="0% (0/2)">
                  <conditions>
                    <condition number="38" type="jump" coverage="0%" />
                  </conditions>
                </line>
                <line number="536" hits="0" branch="False" />
                <line number="539" hits="0" branch="True" condition-coverage="0% (0/2)">
                  <conditions>
                    <condition number="51" type="jump" coverage="0%" />
                  </conditions>
                </line>
                <line number="541" hits="0" branch="False" />
                <line number="542" hits="0" branch="False" />
                <line number="545" hits="0" branch="False" />
                <line number="546" hits="0" branch="False" />
                <line number="549" hits="0" branch="False" />
                <line number="554" hits="0" branch="False" />
                <line number="555" hits="0" branch="True" condition-coverage="0% (0/4)">
                  <conditions>
                    <condition number="123" type="jump" coverage="0%" />
                    <condition number="106" type="jump" coverage="0%" />
                  </conditions>
                </line>
                <line number="557" hits="0" branch="False" />
                <line number="560" hits="0" branch="False" />
                <line number="561" hits="0" branch="False" />
                <line number="565" hits="0" branch="True" condition-coverage="0% (0/4)">
                  <conditions>
                    <condition number="147" type="jump" coverage="0%" />
                    <condition number="160" type="jump" coverage="0%" />
                  </conditions>
                </line>
                <line number="567" hits="0" branch="False" />
                <line number="568" hits="0" branch="False" />
                <line number="572" hits="0" branch="False" />
                <line number="573" hits="0" branch="False" />
                <line number="574" hits="0" branch="False" />
                <line number="575" hits="0" branch="False" />
              </lines>
            </method>
            <method name="&lt;TryMatchAtCurrentPosition&gt;g__UncaptureUntil|2_0" signature="(System.Int32)" line-rate="0" branch-rate="0" complexity="2">
              <lines>
                <line number="581" hits="0" branch="True" condition-coverage="0% (0/2)">
                  <conditions>
                    <condition number="15" type="jump" coverage="0%" />
                  </conditions>
                </line>
                <line number="583" hits="0" branch="False" />
                <line number="585" hits="0" branch="False" />
              </lines>
            </method>
          </methods>
          <lines>
            <line number="480" hits="0" branch="True" condition-coverage="0% (0/6)">
              <conditions>
                <condition number="60" type="jump" coverage="0%" />
                <condition number="36" type="jump" coverage="0%" />
                <condition number="45" type="jump" coverage="0%" />
              </conditions>
            </line>
            <line number="481" hits="0" branch="False" />
            <line number="482" hits="0" branch="False" />
            <line number="484" hits="0" branch="False" />
            <line number="485" hits="0" branch="True" condition-coverage="0% (0/2)">
              <conditions>
                <condition number="21" type="jump" coverage="0%" />
              </conditions>
            </line>
            <line number="487" hits="0" branch="False" />
            <line number="490" hits="0" branch="False" />
            <line number="497" hits="0" branch="False" />
            <line number="500" hits="0" branch="True" condition-coverage="0% (0/2)">
              <conditions>
                <condition number="17" type="jump" coverage="0%" />
              </conditions>
            </line>
            <line number="504" hits="0" branch="False" />
            <line number="505" hits="0" branch="True" condition-coverage="0% (0/2)">
              <conditions>
                <condition number="40" type="jump" coverage="0%" />
              </conditions>
            </line>
            <line number="507" hits="0" branch="False" />
            <line number="508" hits="0" branch="False" />
            <line number="513" hits="0" branch="False" />
            <line number="514" hits="0" branch="False" />
            <line number="522" hits="0" branch="False" />
            <line number="523" hits="0" branch="False" />
            <line number="524" hits="0" branch="False" />
            <line number="525" hits="0" branch="False" />
            <line number="529" hits="0" branch="False" />
            <line number="533" hits="0" branch="False" />
            <line number="534" hits="0" branch="True" condition-coverage="0% (0/2)">
              <conditions>
                <condition number="38" type="jump" coverage="0%" />
              </conditions>
            </line>
            <line number="536" hits="0" branch="False" />
            <line number="539" hits="0" branch="True" condition-coverage="0% (0/2)">
              <conditions>
                <condition number="51" type="jump" coverage="0%" />
              </conditions>
            </line>
            <line number="541" hits="0" branch="False" />
            <line number="542" hits="0" branch="False" />
            <line number="545" hits="0" branch="False" />
            <line number="546" hits="0" branch="False" />
            <line number="549" hits="0" branch="False" />
            <line number="554" hits="0" branch="False" />
            <line number="555" hits="0" branch="True" condition-coverage="0% (0/4)">
              <conditions>
                <condition number="123" type="jump" coverage="0%" />
                <condition number="106" type="jump" coverage="0%" />
              </conditions>
            </line>
            <line number="557" hits="0" branch="False" />
            <line number="560" hits="0" branch="False" />
            <line number="561" hits="0" branch="False" />
            <line number="565" hits="0" branch="True" condition-coverage="0% (0/4)">
              <conditions>
                <condition number="147" type="jump" coverage="0%" />
                <condition number="160" type="jump" coverage="0%" />
              </conditions>
            </line>
            <line number="567" hits="0" branch="False" />
            <line number="568" hits="0" branch="False" />
            <line number="572" hits="0" branch="False" />
            <line number="573" hits="0" branch="False" />
            <line number="574" hits="0" branch="False" />
            <line number="575" hits="0" branch="False" />
            <line number="581" hits="0" branch="True" condition-coverage="0% (0/2)">
              <conditions>
                <condition number="15" type="jump" coverage="0%" />
              </conditions>
            </line>
            <line number="583" hits="0" branch="False" />
            <line number="585" hits="0" branch="False" />
          </lines>
        </class>
        <class name="System.Text.RegularExpressions.Generated.&lt;RegexGenerator_g&gt;F487BC3F55FD4E19245813EC3A4A9C98D07A2ACB3E7B422924AF0693215655CD1__SuspiciousFilterPattern_2" filename="Nexora.SearchAPI/obj/Release/net10.0/System.Text.RegularExpressions.Generator/System.Text.RegularExpressions.Generator.RegexGenerator/RegexGenerator.g.cs" line-rate="0" branch-rate="1" complexity="2">
          <methods>
            <method name=".ctor" signature="()" line-rate="0" branch-rate="1" complexity="1">
              <lines>
                <line number="600" hits="0" branch="False" />
                <line number="602" hits="0" branch="False" />
                <line number="603" hits="0" branch="False" />
                <line number="604" hits="0" branch="False" />
                <line number="605" hits="0" branch="False" />
                <line number="606" hits="0" branch="False" />
                <line number="607" hits="0" branch="False" />
                <line number="608" hits="0" branch="False" />
              </lines>
            </method>
            <method name=".cctor" signature="()" line-rate="0" branch-rate="1" complexity="1">
              <lines>
                <line number="597" hits="0" branch="False" />
              </lines>
            </method>
          </methods>
          <lines>
            <line number="600" hits="0" branch="False" />
            <line number="602" hits="0" branch="False" />
            <line number="603" hits="0" branch="False" />
            <line number="604" hits="0" branch="False" />
            <line number="605" hits="0" branch="False" />
            <line number="606" hits="0" branch="False" />
            <line number="607" hits="0" branch="False" />
            <line number="608" hits="0" branch="False" />
            <line number="597" hits="0" branch="False" />
          </lines>
        </class>
        <class name="System.Text.RegularExpressions.Generated.&lt;RegexGenerator_g&gt;F487BC3F55FD4E19245813EC3A4A9C98D07A2ACB3E7B422924AF0693215655CD1__SuspiciousFilterPattern_2/RunnerFactory" filename="Nexora.SearchAPI/obj/Release/net10.0/System.Text.RegularExpressions.Generator/System.Text.RegularExpressions.Generator.RegexGenerator/RegexGenerator.g.cs" line-rate="0" branch-rate="1" complexity="1">
          <methods>
            <method name="CreateInstance" signature="()" line-rate="0" branch-rate="1" complexity="1">
              <lines>
                <line number="614" hits="0" branch="False" />
              </lines>
            </method>
          </methods>
          <lines>
            <line number="614" hits="0" branch="False" />
          </lines>
        </class>
        <class name="System.Text.RegularExpressions.Generated.&lt;RegexGenerator_g&gt;F487BC3F55FD4E19245813EC3A4A9C98D07A2ACB3E7B422924AF0693215655CD1__SuspiciousFilterPattern_2/RunnerFactory/Runner" filename="Nexora.SearchAPI/obj/Release/net10.0/System.Text.RegularExpressions.Generator/System.Text.RegularExpressions.Generator.RegexGenerator/RegexGenerator.g.cs" line-rate="0" branch-rate="0" complexity="54">
          <methods>
            <method name="Scan" signature="(System.ReadOnlySpan`1&lt;System.Char&gt;)" line-rate="0" branch-rate="0" complexity="8">
              <lines>
                <line number="624" hits="0" branch="True" condition-coverage="0% (0/6)">
                  <conditions>
                    <condition number="60" type="jump" coverage="0%" />
                    <condition number="36" type="jump" coverage="0%" />
                    <condition number="45" type="jump" coverage="0%" />
                  </conditions>
                </line>
                <line number="625" hits="0" branch="False" />
                <line number="626" hits="0" branch="False" />
                <line number="628" hits="0" branch="False" />
                <line number="629" hits="0" branch="True" condition-coverage="0% (0/2)">
                  <conditions>
                    <condition number="21" type="jump" coverage="0%" />
                  </conditions>
                </line>
                <line number="631" hits="0" branch="False" />
                <line number="634" hits="0" branch="False" />
              </lines>
            </method>
            <method name="TryFindNextPossibleStartingPosition" signature="(System.ReadOnlySpan`1&lt;System.Char&gt;)" line-rate="0" branch-rate="0" complexity="4">
              <lines>
                <line number="641" hits="0" branch="False" />
                <line number="644" hits="0" branch="True" condition-coverage="0% (0/2)">
                  <conditions>
                    <condition number="15" type="jump" coverage="0%" />
                  </conditions>
                </line>
                <line number="648" hits="0" branch="False" />
                <line number="649" hits="0" branch="True" condition-coverage="0% (0/2)">
                  <conditions>
                    <condition number="38" type="jump" coverage="0%" />
                  </conditions>
                </line>
                <line number="651" hits="0" branch="False" />
                <line number="652" hits="0" branch="False" />
                <line number="657" hits="0" branch="False" />
                <line number="658" hits="0" branch="False" />
              </lines>
            </method>
            <method name="TryMatchAtCurrentPosition" signature="(System.ReadOnlySpan`1&lt;System.Char&gt;)" line-rate="0" branch-rate="0" complexity="40">
              <lines>
                <line number="666" hits="0" branch="False" />
                <line number="667" hits="0" branch="False" />
                <line number="668" hits="0" branch="False" />
                <line number="669" hits="0" branch="False" />
                <line number="673" hits="0" branch="False" />
                <line number="677" hits="0" branch="True" condition-coverage="0% (0/2)">
                  <conditions>
                    <condition number="29" type="jump" coverage="0%" />
                  </conditions>
                </line>
                <line number="679" hits="0" branch="False" />
                <line number="680" hits="0" branch="False" />
                <line number="683" hits="0" branch="True" condition-coverage="0% (0/18)">
                  <conditions>
                    <condition number="55" type="jump" coverage="0%" />
                    <condition number="61" type="jump" coverage="0%" />
                    <condition number="70" type="jump" coverage="0%" />
                    <condition number="87" type="jump" coverage="0%" />
                    <condition number="93" type="jump" coverage="0%" />
                    <condition number="113" type="jump" coverage="0%" />
                    <condition number="76" type="jump" coverage="0%" />
                    <condition number="99" type="jump" coverage="0%" />
                    <condition number="122" type="jump" coverage="0%" />
                  </conditions>
                </line>
                <line number="686" hits="0" branch="False" />
                <line number="687" hits="0" branch="False" />
                <line number="688" hits="0" branch="False" />
                <line number="692" hits="0" branch="True" condition-coverage="0% (0/4)">
                  <conditions>
                    <condition number="158" type="jump" coverage="0%" />
                    <condition number="171" type="jump" coverage="0%" />
                  </conditions>
                </line>
                <line number="694" hits="0" branch="False" />
                <line number="695" hits="0" branch="False" />
                <line number="698" hits="0" branch="False" />
                <line number="699" hits="0" branch="False" />
                <line number="700" hits="0" branch="False" />
                <line number="704" hits="0" branch="True" condition-coverage="0% (0/4)">
                  <conditions>
                    <condition number="208" type="jump" coverage="0%" />
                    <condition number="221" type="jump" coverage="0%" />
                  </conditions>
                </line>
                <line number="706" hits="0" branch="False" />
                <line number="707" hits="0" branch="False" />
                <line number="710" hits="0" branch="False" />
                <line number="711" hits="0" branch="False" />
                <line number="712" hits="0" branch="False" />
                <line number="716" hits="0" branch="True" condition-coverage="0% (0/4)">
                  <conditions>
                    <condition number="258" type="jump" coverage="0%" />
                    <condition number="271" type="jump" coverage="0%" />
                  </conditions>
                </line>
                <line number="718" hits="0" branch="False" />
                <line number="719" hits="0" branch="False" />
                <line number="722" hits="0" branch="False" />
                <line number="723" hits="0" branch="False" />
                <line number="724" hits="0" branch="False" />
                <line number="728" hits="0" branch="True" condition-coverage="0% (0/4)">
                  <conditions>
                    <condition number="308" type="jump" coverage="0%" />
                    <condition number="334" type="jump" coverage="0%" />
                  </conditions>
                </line>
                <line number="729" hits="0" branch="False" />
                <line number="731" hits="0" branch="False" />
                <line number="732" hits="0" branch="False" />
                <line number="735" hits="0" branch="False" />
                <line number="736" hits="0" branch="False" />
                <line number="737" hits="0" branch="False" />
                <line number="741" hits="0" branch="True" condition-coverage="0% (0/4)">
                  <conditions>
                    <condition number="369" type="jump" coverage="0%" />
                    <condition number="395" type="jump" coverage="0%" />
                  </conditions>
                </line>
                <line number="742" hits="0" branch="False" />
                <line number="744" hits="0" branch="False" />
                <line number="745" hits="0" branch="False" />
                <line number="748" hits="0" branch="False" />
                <line number="749" hits="0" branch="False" />
                <line number="750" hits="0" branch="False" />
                <line number="753" hits="0" branch="False" />
                <line number="754" hits="0" branch="False" />
                <line number="758" hits="0" branch="False" />
                <line number="762" hits="0" branch="False" />
                <line number="763" hits="0" branch="False" />
                <line number="764" hits="0" branch="False" />
              </lines>
            </method>
            <method name="&lt;TryMatchAtCurrentPosition&gt;g__UncaptureUntil|2_0" signature="(System.Int32)" line-rate="0" branch-rate="0" complexity="2">
              <lines>
                <line number="770" hits="0" branch="True" condition-coverage="0% (0/2)">
                  <conditions>
                    <condition number="15" type="jump" coverage="0%" />
                  </conditions>
                </line>
                <line number="772" hits="0" branch="False" />
                <line number="774" hits="0" branch="False" />
              </lines>
            </method>
          </methods>
          <lines>
            <line number="624" hits="0" branch="True" condition-coverage="0% (0/6)">
              <conditions>
                <condition number="60" type="jump" coverage="0%" />
                <condition number="36" type="jump" coverage="0%" />
                <condition number="45" type="jump" coverage="0%" />
              </conditions>
            </line>
            <line number="625" hits="0" branch="False" />
            <line number="626" hits="0" branch="False" />
            <line number="628" hits="0" branch="False" />
            <line number="629" hits="0" branch="True" condition-coverage="0% (0/2)">
              <conditions>
                <condition number="21" type="jump" coverage="0%" />
              </conditions>
            </line>
            <line number="631" hits="0" branch="False" />
            <line number="634" hits="0" branch="False" />
            <line number="641" hits="0" branch="False" />
            <line number="644" hits="0" branch="True" condition-coverage="0% (0/2)">
              <conditions>
                <condition number="15" type="jump" coverage="0%" />
              </conditions>
            </line>
            <line number="648" hits="0" branch="False" />
            <line number="649" hits="0" branch="True" condition-coverage="0% (0/2)">
              <conditions>
                <condition number="38" type="jump" coverage="0%" />
              </conditions>
            </line>
            <line number="651" hits="0" branch="False" />
            <line number="652" hits="0" branch="False" />
            <line number="657" hits="0" branch="False" />
            <line number="658" hits="0" branch="False" />
            <line number="666" hits="0" branch="False" />
            <line number="667" hits="0" branch="False" />
            <line number="668" hits="0" branch="False" />
            <line number="669" hits="0" branch="False" />
            <line number="673" hits="0" branch="False" />
            <line number="677" hits="0" branch="True" condition-coverage="0% (0/2)">
              <conditions>
                <condition number="29" type="jump" coverage="0%" />
              </conditions>
            </line>
            <line number="679" hits="0" branch="False" />
            <line number="680" hits="0" branch="False" />
            <line number="683" hits="0" branch="True" condition-coverage="0% (0/18)">
              <conditions>
                <condition number="55" type="jump" coverage="0%" />
                <condition number="61" type="jump" coverage="0%" />
                <condition number="70" type="jump" coverage="0%" />
                <condition number="87" type="jump" coverage="0%" />
                <condition number="93" type="jump" coverage="0%" />
                <condition number="113" type="jump" coverage="0%" />
                <condition number="76" type="jump" coverage="0%" />
                <condition number="99" type="jump" coverage="0%" />
                <condition number="122" type="jump" coverage="0%" />
              </conditions>
            </line>
            <line number="686" hits="0" branch="False" />
            <line number="687" hits="0" branch="False" />
            <line number="688" hits="0" branch="False" />
            <line number="692" hits="0" branch="True" condition-coverage="0% (0/4)">
              <conditions>
                <condition number="158" type="jump" coverage="0%" />
                <condition number="171" type="jump" coverage="0%" />
              </conditions>
            </line>
            <line number="694" hits="0" branch="False" />
            <line number="695" hits="0" branch="False" />
            <line number="698" hits="0" branch="False" />
            <line number="699" hits="0" branch="False" />
            <line number="700" hits="0" branch="False" />
            <line number="704" hits="0" branch="True" condition-coverage="0% (0/4)">
              <conditions>
                <condition number="208" type="jump" coverage="0%" />
                <condition number="221" type="jump" coverage="0%" />
              </conditions>
            </line>
            <line number="706" hits="0" branch="False" />
            <line number="707" hits="0" branch="False" />
            <line number="710" hits="0" branch="False" />
            <line number="711" hits="0" branch="False" />
            <line number="712" hits="0" branch="False" />
            <line number="716" hits="0" branch="True" condition-coverage="0% (0/4)">
              <conditions>
                <condition number="258" type="jump" coverage="0%" />
                <condition number="271" type="jump" coverage="0%" />
              </conditions>
            </line>
            <line number="718" hits="0" branch="False" />
            <line number="719" hits="0" branch="False" />
            <line number="722" hits="0" branch="False" />
            <line number="723" hits="0" branch="False" />
            <line number="724" hits="0" branch="False" />
            <line number="728" hits="0" branch="True" condition-coverage="0% (0/4)">
              <conditions>
                <condition number="308" type="jump" coverage="0%" />
                <condition number="334" type="jump" coverage="0%" />
              </conditions>
            </line>
            <line number="729" hits="0" branch="False" />
            <line number="731" hits="0" branch="False" />
            <line number="732" hits="0" branch="False" />
            <line number="735" hits="0" branch="False" />
            <line number="736" hits="0" branch="False" />
            <line number="737" hits="0" branch="False" />
            <line number="741" hits="0" branch="True" condition-coverage="0% (0/4)">
              <conditions>
                <condition number="369" type="jump" coverage="0%" />
                <condition number="395" type="jump" coverage="0%" />
              </conditions>
            </line>
            <line number="742" hits="0" branch="False" />
            <line number="744" hits="0" branch="False" />
            <line number="745" hits="0" branch="False" />
            <line number="748" hits="0" branch="False" />
            <line number="749" hits="0" branch="False" />
            <line number="750" hits="0" branch="False" />
            <line number="753" hits="0" branch="False" />
            <line number="754" hits="0" branch="False" />
            <line number="758" hits="0" branch="False" />
            <line number="762" hits="0" branch="False" />
            <line number="763" hits="0" branch="False" />
            <line number="764" hits="0" branch="False" />
            <line number="770" hits="0" branch="True" condition-coverage="0% (0/2)">
              <conditions>
                <condition number="15" type="jump" coverage="0%" />
              </conditions>
            </line>
            <line number="772" hits="0" branch="False" />
            <line number="774" hits="0" branch="False" />
          </lines>
        </class>
        <class name="System.Text.RegularExpressions.Generated.&lt;RegexGenerator_g&gt;F487BC3F55FD4E19245813EC3A4A9C98D07A2ACB3E7B422924AF0693215655CD1__MultiWhitespacePattern_3" filename="Nexora.SearchAPI/obj/Release/net10.0/System.Text.RegularExpressions.Generator/System.Text.RegularExpressions.Generator.RegexGenerator/RegexGenerator.g.cs" line-rate="0" branch-rate="1" complexity="2">
          <methods>
            <method name=".ctor" signature="()" line-rate="0" branch-rate="1" complexity="1">
              <lines>
                <line number="789" hits="0" branch="False" />
                <line number="791" hits="0" branch="False" />
                <line number="792" hits="0" branch="False" />
                <line number="793" hits="0" branch="False" />
                <line number="794" hits="0" branch="False" />
                <line number="795" hits="0" branch="False" />
                <line number="796" hits="0" branch="False" />
                <line number="797" hits="0" branch="False" />
              </lines>
            </method>
            <method name=".cctor" signature="()" line-rate="0" branch-rate="1" complexity="1">
              <lines>
                <line number="786" hits="0" branch="False" />
              </lines>
            </method>
          </methods>
          <lines>
            <line number="789" hits="0" branch="False" />
            <line number="791" hits="0" branch="False" />
            <line number="792" hits="0" branch="False" />
            <line number="793" hits="0" branch="False" />
            <line number="794" hits="0" branch="False" />
            <line number="795" hits="0" branch="False" />
            <line number="796" hits="0" branch="False" />
            <line number="797" hits="0" branch="False" />
            <line number="786" hits="0" branch="False" />
          </lines>
        </class>
        <class name="System.Text.RegularExpressions.Generated.&lt;RegexGenerator_g&gt;F487BC3F55FD4E19245813EC3A4A9C98D07A2ACB3E7B422924AF0693215655CD1__MultiWhitespacePattern_3/RunnerFactory" filename="Nexora.SearchAPI/obj/Release/net10.0/System.Text.RegularExpressions.Generator/System.Text.RegularExpressions.Generator.RegexGenerator/RegexGenerator.g.cs" line-rate="0" branch-rate="1" complexity="1">
          <methods>
            <method name="CreateInstance" signature="()" line-rate="0" branch-rate="1" complexity="1">
              <lines>
                <line number="803" hits="0" branch="False" />
              </lines>
            </method>
          </methods>
          <lines>
            <line number="803" hits="0" branch="False" />
          </lines>
        </class>
        <class name="System.Text.RegularExpressions.Generated.&lt;RegexGenerator_g&gt;F487BC3F55FD4E19245813EC3A4A9C98D07A2ACB3E7B422924AF0693215655CD1__MultiWhitespacePattern_3/RunnerFactory/Runner" filename="Nexora.SearchAPI/obj/Release/net10.0/System.Text.RegularExpressions.Generator/System.Text.RegularExpressions.Generator.RegexGenerator/RegexGenerator.g.cs" line-rate="0" branch-rate="0" complexity="18">
          <methods>
            <method name="Scan" signature="(System.ReadOnlySpan`1&lt;System.Char&gt;)" line-rate="0" branch-rate="0" complexity="8">
              <lines>
                <line number="813" hits="0" branch="True" condition-coverage="0% (0/6)">
                  <conditions>
                    <condition number="60" type="jump" coverage="0%" />
                    <condition number="36" type="jump" coverage="0%" />
                    <condition number="45" type="jump" coverage="0%" />
                  </conditions>
                </line>
                <line number="814" hits="0" branch="False" />
                <line number="815" hits="0" branch="False" />
                <line number="817" hits="0" branch="False" />
                <line number="818" hits="0" branch="True" condition-coverage="0% (0/2)">
                  <conditions>
                    <condition number="21" type="jump" coverage="0%" />
                  </conditions>
                </line>
                <line number="820" hits="0" branch="False" />
                <line number="823" hits="0" branch="False" />
              </lines>
            </method>
            <method name="TryFindNextPossibleStartingPosition" signature="(System.ReadOnlySpan`1&lt;System.Char&gt;)" line-rate="0" branch-rate="0" complexity="4">
              <lines>
                <line number="830" hits="0" branch="False" />
                <line number="833" hits="0" branch="True" condition-coverage="0% (0/2)">
                  <conditions>
                    <condition number="15" type="jump" coverage="0%" />
                  </conditions>
                </line>
                <line number="837" hits="0" branch="False" />
                <line number="838" hits="0" branch="True" condition-coverage="0% (0/2)">
                  <conditions>
                    <condition number="38" type="jump" coverage="0%" />
                  </conditions>
                </line>
                <line number="840" hits="0" branch="False" />
                <line number="841" hits="0" branch="False" />
                <line number="846" hits="0" branch="False" />
                <line number="847" hits="0" branch="False" />
              </lines>
            </method>
            <method name="TryMatchAtCurrentPosition" signature="(System.ReadOnlySpan`1&lt;System.Char&gt;)" line-rate="0" branch-rate="0" complexity="6">
              <lines>
                <line number="855" hits="0" branch="False" />
                <line number="856" hits="0" branch="False" />
                <line number="857" hits="0" branch="False" />
                <line number="861" hits="0" branch="False" />
                <line number="862" hits="0" branch="True" condition-coverage="0% (0/4)">
                  <conditions>
                    <condition number="50" type="jump" coverage="0%" />
                    <condition number="34" type="jump" coverage="0%" />
                  </conditions>
                </line>
                <line number="864" hits="0" branch="False" />
                <line number="867" hits="0" branch="True" condition-coverage="0% (0/2)">
                  <conditions>
                    <condition number="53" type="jump" coverage="0%" />
                  </conditions>
                </line>
                <line number="869" hits="0" branch="False" />
                <line number="872" hits="0" branch="False" />
                <line number="873" hits="0" branch="False" />
                <line number="877" hits="0" branch="False" />
                <line number="878" hits="0" branch="False" />
                <line number="879" hits="0" branch="False" />
              </lines>
            </method>
          </methods>
          <lines>
            <line number="813" hits="0" branch="True" condition-coverage="0% (0/6)">
              <conditions>
                <condition number="60" type="jump" coverage="0%" />
                <condition number="36" type="jump" coverage="0%" />
                <condition number="45" type="jump" coverage="0%" />
              </conditions>
            </line>
            <line number="814" hits="0" branch="False" />
            <line number="815" hits="0" branch="False" />
            <line number="817" hits="0" branch="False" />
            <line number="818" hits="0" branch="True" condition-coverage="0% (0/2)">
              <conditions>
                <condition number="21" type="jump" coverage="0%" />
              </conditions>
            </line>
            <line number="820" hits="0" branch="False" />
            <line number="823" hits="0" branch="False" />
            <line number="830" hits="0" branch="False" />
            <line number="833" hits="0" branch="True" condition-coverage="0% (0/2)">
              <conditions>
                <condition number="15" type="jump" coverage="0%" />
              </conditions>
            </line>
            <line number="837" hits="0" branch="False" />
            <line number="838" hits="0" branch="True" condition-coverage="0% (0/2)">
              <conditions>
                <condition number="38" type="jump" coverage="0%" />
              </conditions>
            </line>
            <line number="840" hits="0" branch="False" />
            <line number="841" hits="0" branch="False" />
            <line number="846" hits="0" branch="False" />
            <line number="847" hits="0" branch="False" />
            <line number="855" hits="0" branch="False" />
            <line number="856" hits="0" branch="False" />
            <line number="857" hits="0" branch="False" />
            <line number="861" hits="0" branch="False" />
            <line number="862" hits="0" branch="True" condition-coverage="0% (0/4)">
              <conditions>
                <condition number="50" type="jump" coverage="0%" />
                <condition number="34" type="jump" coverage="0%" />
              </conditions>
            </line>
            <line number="864" hits="0" branch="False" />
            <line number="867" hits="0" branch="True" condition-coverage="0% (0/2)">
              <conditions>
                <condition number="53" type="jump" coverage="0%" />
              </conditions>
            </line>
            <line number="869" hits="0" branch="False" />
            <line number="872" hits="0" branch="False" />
            <line number="873" hits="0" branch="False" />
            <line number="877" hits="0" branch="False" />
            <line number="878" hits="0" branch="False" />
            <line number="879" hits="0" branch="False" />
          </lines>
        </class>
        <class name="System.Text.RegularExpressions.Generated.&lt;RegexGenerator_g&gt;F487BC3F55FD4E19245813EC3A4A9C98D07A2ACB3E7B422924AF0693215655CD1__SkuPattern_4" filename="Nexora.SearchAPI/obj/Release/net10.0/System.Text.RegularExpressions.Generator/System.Text.RegularExpressions.Generator.RegexGenerator/RegexGenerator.g.cs" line-rate="0" branch-rate="1" complexity="2">
          <methods>
            <method name=".ctor" signature="()" line-rate="0" branch-rate="1" complexity="1">
              <lines>
                <line number="894" hits="0" branch="False" />
                <line number="896" hits="0" branch="False" />
                <line number="897" hits="0" branch="False" />
                <line number="898" hits="0" branch="False" />
                <line number="899" hits="0" branch="False" />
                <line number="900" hits="0" branch="False" />
                <line number="901" hits="0" branch="False" />
                <line number="902" hits="0" branch="False" />
              </lines>
            </method>
            <method name=".cctor" signature="()" line-rate="0" branch-rate="1" complexity="1">
              <lines>
                <line number="891" hits="0" branch="False" />
              </lines>
            </method>
          </methods>
          <lines>
            <line number="894" hits="0" branch="False" />
            <line number="896" hits="0" branch="False" />
            <line number="897" hits="0" branch="False" />
            <line number="898" hits="0" branch="False" />
            <line number="899" hits="0" branch="False" />
            <line number="900" hits="0" branch="False" />
            <line number="901" hits="0" branch="False" />
            <line number="902" hits="0" branch="False" />
            <line number="891" hits="0" branch="False" />
          </lines>
        </class>
        <class name="System.Text.RegularExpressions.Generated.&lt;RegexGenerator_g&gt;F487BC3F55FD4E19245813EC3A4A9C98D07A2ACB3E7B422924AF0693215655CD1__SkuPattern_4/RunnerFactory" filename="Nexora.SearchAPI/obj/Release/net10.0/System.Text.RegularExpressions.Generator/System.Text.RegularExpressions.Generator.RegexGenerator/RegexGenerator.g.cs" line-rate="0" branch-rate="1" complexity="1">
          <methods>
            <method name="CreateInstance" signature="()" line-rate="0" branch-rate="1" complexity="1">
              <lines>
                <line number="908" hits="0" branch="False" />
              </lines>
            </method>
          </methods>
          <lines>
            <line number="908" hits="0" branch="False" />
          </lines>
        </class>
        <class name="System.Text.RegularExpressions.Generated.&lt;RegexGenerator_g&gt;F487BC3F55FD4E19245813EC3A4A9C98D07A2ACB3E7B422924AF0693215655CD1__SkuPattern_4/RunnerFactory/Runner" filename="Nexora.SearchAPI/obj/Release/net10.0/System.Text.RegularExpressions.Generator/System.Text.RegularExpressions.Generator.RegexGenerator/RegexGenerator.g.cs" line-rate="0" branch-rate="0" complexity="28">
          <methods>
            <method name="Scan" signature="(System.ReadOnlySpan`1&lt;System.Char&gt;)" line-rate="0" branch-rate="0" complexity="4">
              <lines>
                <line number="918" hits="0" branch="True" condition-coverage="0% (0/4)">
                  <conditions>
                    <condition number="7" type="jump" coverage="0%" />
                    <condition number="16" type="jump" coverage="0%" />
                  </conditions>
                </line>
                <line number="920" hits="0" branch="False" />
                <line number="922" hits="0" branch="False" />
              </lines>
            </method>
            <method name="TryFindNextPossibleStartingPosition" signature="(System.ReadOnlySpan`1&lt;System.Char&gt;)" line-rate="0" branch-rate="0" complexity="4">
              <lines>
                <line number="929" hits="0" branch="False" />
                <line number="932" hits="0" branch="True" condition-coverage="0% (0/2)">
                  <conditions>
                    <condition number="17" type="jump" coverage="0%" />
                  </conditions>
                </line>
                <line number="935" hits="0" branch="True" condition-coverage="0% (0/2)">
                  <conditions>
                    <condition number="20" type="jump" coverage="0%" />
                  </conditions>
                </line>
                <line number="937" hits="0" branch="False" />
                <line number="942" hits="0" branch="False" />
                <line number="943" hits="0" branch="False" />
              </lines>
            </method>
            <method name="TryMatchAtCurrentPosition" signature="(System.ReadOnlySpan`1&lt;System.Char&gt;)" line-rate="0" branch-rate="0" complexity="20">
              <lines>
                <line number="951" hits="0" branch="False" />
                <line number="952" hits="0" branch="False" />
                <line number="953" hits="0" branch="False" />
                <line number="956" hits="0" branch="True" condition-coverage="0% (0/2)">
                  <conditions>
                    <condition number="19" type="jump" coverage="0%" />
                  </conditions>
                </line>
                <line number="958" hits="0" branch="False" />
                <line number="963" hits="0" branch="False" />
                <line number="964" hits="0" branch="True" condition-coverage="0% (0/2)">
                  <conditions>
                    <condition number="37" type="jump" coverage="0%" />
                  </conditions>
                </line>
                <line number="966" hits="0" branch="False" />
                <line number="969" hits="0" branch="True" condition-coverage="0% (0/2)">
                  <conditions>
                    <condition number="49" type="jump" coverage="0%" />
                  </conditions>
                </line>
                <line number="971" hits="0" branch="False" />
                <line number="974" hits="0" branch="False" />
                <line number="975" hits="0" branch="False" />
                <line number="979" hits="0" branch="True" condition-coverage="0% (0/4)">
                  <conditions>
                    <condition number="73" type="jump" coverage="0%" />
                    <condition number="86" type="jump" coverage="0%" />
                  </conditions>
                </line>
                <line number="981" hits="0" branch="False" />
                <line number="986" hits="0" branch="False" />
                <line number="987" hits="0" branch="True" condition-coverage="0% (0/2)">
                  <conditions>
                    <condition number="113" type="jump" coverage="0%" />
                  </conditions>
                </line>
                <line number="989" hits="0" branch="False" />
                <line number="992" hits="0" branch="True" condition-coverage="0% (0/2)">
                  <conditions>
                    <condition number="128" type="jump" coverage="0%" />
                  </conditions>
                </line>
                <line number="994" hits="0" branch="False" />
                <line number="997" hits="0" branch="False" />
                <line number="998" hits="0" branch="False" />
                <line number="1002" hits="0" branch="True" condition-coverage="0% (0/6)">
                  <conditions>
                    <condition number="155" type="jump" coverage="0%" />
                    <condition number="165" type="jump" coverage="0%" />
                    <condition number="178" type="jump" coverage="0%" />
                  </conditions>
                </line>
                <line number="1004" hits="0" branch="False" />
                <line number="1008" hits="0" branch="False" />
                <line number="1009" hits="0" branch="False" />
                <line number="1010" hits="0" branch="False" />
                <line number="1011" hits="0" branch="False" />
              </lines>
            </method>
          </methods>
          <lines>
            <line number="918" hits="0" branch="True" condition-coverage="0% (0/4)">
              <conditions>
                <condition number="7" type="jump" coverage="0%" />
                <condition number="16" type="jump" coverage="0%" />
              </conditions>
            </line>
            <line number="920" hits="0" branch="False" />
            <line number="922" hits="0" branch="False" />
            <line number="929" hits="0" branch="False" />
            <line number="932" hits="0" branch="True" condition-coverage="0% (0/2)">
              <conditions>
                <condition number="17" type="jump" coverage="0%" />
              </conditions>
            </line>
            <line number="935" hits="0" branch="True" condition-coverage="0% (0/2)">
              <conditions>
                <condition number="20" type="jump" coverage="0%" />
              </conditions>
            </line>
            <line number="937" hits="0" branch="False" />
            <line number="942" hits="0" branch="False" />
            <line number="943" hits="0" branch="False" />
            <line number="951" hits="0" branch="False" />
            <line number="952" hits="0" branch="False" />
            <line number="953" hits="0" branch="False" />
            <line number="956" hits="0" branch="True" condition-coverage="0% (0/2)">
              <conditions>
                <condition number="19" type="jump" coverage="0%" />
              </conditions>
            </line>
            <line number="958" hits="0" branch="False" />
            <line number="963" hits="0" branch="False" />
            <line number="964" hits="0" branch="True" condition-coverage="0% (0/2)">
              <conditions>
                <condition number="37" type="jump" coverage="0%" />
              </conditions>
            </line>
            <line number="966" hits="0" branch="False" />
            <line number="969" hits="0" branch="True" condition-coverage="0% (0/2)">
              <conditions>
                <condition number="49" type="jump" coverage="0%" />
              </conditions>
            </line>
            <line number="971" hits="0" branch="False" />
            <line number="974" hits="0" branch="False" />
            <line number="975" hits="0" branch="False" />
            <line number="979" hits="0" branch="True" condition-coverage="0% (0/4)">
              <conditions>
                <condition number="73" type="jump" coverage="0%" />
                <condition number="86" type="jump" coverage="0%" />
              </conditions>
            </line>
            <line number="981" hits="0" branch="False" />
            <line number="986" hits="0" branch="False" />
[...]
              </lines>
            </method>
            <method name="get_Price" signature="()" line-rate="0" branch-rate="1" complexity="1">
              <lines>
                <line number="12" hits="0" branch="False" />
              </lines>
            </method>
            <method name="get_Currency" signature="()" line-rate="1" branch-rate="1" complexity="1">
              <lines>
                <line number="13" hits="29" branch="False" />
              </lines>
            </method>
            <method name="get_Color" signature="()" line-rate="1" branch-rate="1" complexity="1">
              <lines>
                <line number="14" hits="29" branch="False" />
              </lines>
            </method>
            <method name="get_Size" signature="()" line-rate="1" branch-rate="1" complexity="1">
              <lines>
                <line number="15" hits="29" branch="False" />
              </lines>
            </method>
            <method name="get_Attributes" signature="()" line-rate="1" branch-rate="1" complexity="1">
              <lines>
                <line number="16" hits="29" branch="False" />
              </lines>
            </method>
            <method name="get_Rating" signature="()" line-rate="1" branch-rate="1" complexity="1">
              <lines>
                <line number="17" hits="66" branch="False" />
              </lines>
            </method>
            <method name="get_RatingCount" signature="()" line-rate="1" branch-rate="1" complexity="1">
              <lines>
                <line number="18" hits="29" branch="False" />
              </lines>
            </method>
            <method name="get_StockStatus" signature="()" line-rate="1" branch-rate="1" complexity="1">
              <lines>
                <line number="19" hits="132" branch="False" />
              </lines>
            </method>
            <method name="get_StockQuantity" signature="()" line-rate="0" branch-rate="1" complexity="1">
              <lines>
                <line number="20" hits="0" branch="False" />
              </lines>
            </method>
            <method name="get_PopularityScore" signature="()" line-rate="1" branch-rate="1" complexity="1">
              <lines>
                <line number="21" hits="66" branch="False" />
              </lines>
            </method>
            <method name="get_Ctr30d" signature="()" line-rate="0" branch-rate="1" complexity="1">
              <lines>
                <line number="22" hits="0" branch="False" />
              </lines>
            </method>
            <method name="get_ConversionRate30d" signature="()" line-rate="0" branch-rate="1" complexity="1">
              <lines>
                <line number="23" hits="0" branch="False" />
              </lines>
            </method>
            <method name="get_IsFeatured" signature="()" line-rate="1" branch-rate="1" complexity="1">
              <lines>
                <line number="24" hits="66" branch="False" />
              </lines>
            </method>
            <method name="get_IsActive" signature="()" line-rate="1" branch-rate="1" complexity="1">
              <lines>
                <line number="25" hits="58" branch="False" />
              </lines>
            </method>
            <method name="get_MerchantId" signature="()" line-rate="1" branch-rate="1" complexity="1">
              <lines>
                <line number="26" hits="29" branch="False" />
              </lines>
            </method>
            <method name="get_CreatedAt" signature="()" line-rate="0" branch-rate="1" complexity="1">
              <lines>
                <line number="27" hits="0" branch="False" />
              </lines>
            </method>
            <method name="get_UpdatedAt" signature="()" line-rate="0" branch-rate="1" complexity="1">
              <lines>
                <line number="28" hits="0" branch="False" />
              </lines>
            </method>
          </methods>
          <lines>
            <line number="5" hits="58" branch="False" />
            <line number="6" hits="58" branch="False" />
            <line number="7" hits="29" branch="False" />
            <line number="8" hits="29" branch="False" />
            <line number="9" hits="29" branch="False" />
            <line number="10" hits="29" branch="False" />
            <line number="11" hits="29" branch="False" />
            <line number="12" hits="0" branch="False" />
            <line number="13" hits="29" branch="False" />
            <line number="14" hits="29" branch="False" />
            <line number="15" hits="29" branch="False" />
            <line number="16" hits="29" branch="False" />
            <line number="17" hits="66" branch="False" />
            <line number="18" hits="29" branch="False" />
            <line number="19" hits="132" branch="False" />
            <line number="20" hits="0" branch="False" />
            <line number="21" hits="66" branch="False" />
            <line number="22" hits="0" branch="False" />
            <line number="23" hits="0" branch="False" />
            <line number="24" hits="66" branch="False" />
            <line number="25" hits="58" branch="False" />
            <line number="26" hits="29" branch="False" />
            <line number="27" hits="0" branch="False" />
            <line number="28" hits="0" branch="False" />
          </lines>
        </class>
        <class name="Nexora.Shared.DTOs.SearchRequest" filename="Nexora.Shared/DTOs/SearchRequest.cs" line-rate="0" branch-rate="1" complexity="6">
          <methods>
            <method name="get_Query" signature="()" line-rate="0" branch-rate="1" complexity="1">
              <lines>
                <line number="5" hits="0" branch="False" />
              </lines>
            </method>
            <method name="get_Page" signature="()" line-rate="0" branch-rate="1" complexity="1">
              <lines>
                <line number="6" hits="0" branch="False" />
              </lines>
            </method>
            <method name="get_PerPage" signature="()" line-rate="0" branch-rate="1" complexity="1">
              <lines>
                <line number="7" hits="0" branch="False" />
              </lines>
            </method>
            <method name="get_Sort" signature="()" line-rate="0" branch-rate="1" complexity="1">
              <lines>
                <line number="8" hits="0" branch="False" />
              </lines>
            </method>
            <method name="get_FilterBy" signature="()" line-rate="0" branch-rate="1" complexity="1">
              <lines>
                <line number="9" hits="0" branch="False" />
              </lines>
            </method>
            <method name="get_FacetBy" signature="()" line-rate="0" branch-rate="1" complexity="1">
              <lines>
                <line number="10" hits="0" branch="False" />
              </lines>
            </method>
          </methods>
          <lines>
            <line number="5" hits="0" branch="False" />
            <line number="6" hits="0" branch="False" />
            <line number="7" hits="0" branch="False" />
            <line number="8" hits="0" branch="False" />
            <line number="9" hits="0" branch="False" />
            <line number="10" hits="0" branch="False" />
          </lines>
        </class>
        <class name="Nexora.Shared.DTOs.SearchResponse" filename="Nexora.Shared/DTOs/SearchResponse.cs" line-rate="0" branch-rate="1" complexity="9">
          <methods>
            <method name="get_Results" signature="()" line-rate="0" branch-rate="1" complexity="1">
              <lines>
                <line number="5" hits="0" branch="False" />
              </lines>
            </method>
            <method name="get_TotalCount" signature="()" line-rate="0" branch-rate="1" complexity="1">
              <lines>
                <line number="6" hits="0" branch="False" />
              </lines>
            </method>
            <method name="get_Page" signature="()" line-rate="0" branch-rate="1" complexity="1">
              <lines>
                <line number="7" hits="0" branch="False" />
              </lines>
            </method>
            <method name="get_PerPage" signature="()" line-rate="0" branch-rate="1" complexity="1">
              <lines>
                <line number="8" hits="0" branch="False" />
              </lines>
            </method>
            <method name="get_TotalPages" signature="()" line-rate="0" branch-rate="1" complexity="1">
              <lines>
                <line number="9" hits="0" branch="False" />
              </lines>
            </method>
            <method name="get_Facets" signature="()" line-rate="0" branch-rate="1" complexity="1">
              <lines>
                <line number="10" hits="0" branch="False" />
              </lines>
            </method>
            <method name="get_CorrectedQuery" signature="()" line-rate="0" branch-rate="1" complexity="1">
              <lines>
                <line number="11" hits="0" branch="False" />
              </lines>
            </method>
            <method name="get_LatencyMs" signature="()" line-rate="0" branch-rate="1" complexity="1">
              <lines>
                <line number="12" hits="0" branch="False" />
              </lines>
            </method>
            <method name="get_CacheHit" signature="()" line-rate="0" branch-rate="1" complexity="1">
              <lines>
                <line number="13" hits="0" branch="False" />
              </lines>
            </method>
          </methods>
          <lines>
            <line number="5" hits="0" branch="False" />
            <line number="6" hits="0" branch="False" />
            <line number="7" hits="0" branch="False" />
            <line number="8" hits="0" branch="False" />
            <line number="9" hits="0" branch="False" />
            <line number="10" hits="0" branch="False" />
            <line number="11" hits="0" branch="False" />
            <line number="12" hits="0" branch="False" />
            <line number="13" hits="0" branch="False" />
          </lines>
        </class>
        <class name="Nexora.Shared.DTOs.ProductResult" filename="Nexora.Shared/DTOs/SearchResponse.cs" line-rate="0" branch-rate="1" complexity="13">
          <methods>
            <method name="get_Id" signature="()" line-rate="0" branch-rate="1" complexity="1">
              <lines>
                <line number="18" hits="0" branch="False" />
              </lines>
            </method>
            <method name="get_Title" signature="()" line-rate="0" branch-rate="1" complexity="1">
              <lines>
                <line number="19" hits="0" branch="False" />
              </lines>
            </method>
            <method name="get_Brand" signature="()" line-rate="0" branch-rate="1" complexity="1">
              <lines>
                <line number="20" hits="0" branch="False" />
              </lines>
            </method>
            <method name="get_Sku" signature="()" line-rate="0" branch-rate="1" complexity="1">
              <lines>
                <line number="21" hits="0" branch="False" />
              </lines>
            </method>
            <method name="get_Description" signature="()" line-rate="0" branch-rate="1" complexity="1">
              <lines>
                <line number="22" hits="0" branch="False" />
              </lines>
            </method>
            <method name="get_Category" signature="()" line-rate="0" branch-rate="1" complexity="1">
              <lines>
                <line number="23" hits="0" branch="False" />
              </lines>
            </method>
            <method name="get_Price" signature="()" line-rate="0" branch-rate="1" complexity="1">
              <lines>
                <line number="24" hits="0" branch="False" />
              </lines>
            </method>
            <method name="get_Currency" signature="()" line-rate="0" branch-rate="1" complexity="1">
              <lines>
                <line number="25" hits="0" branch="False" />
              </lines>
            </method>
            <method name="get_Rating" signature="()" line-rate="0" branch-rate="1" complexity="1">
              <lines>
                <line number="26" hits="0" branch="False" />
              </lines>
            </method>
            <method name="get_RatingCount" signature="()" line-rate="0" branch-rate="1" complexity="1">
              <lines>
                <line number="27" hits="0" branch="False" />
              </lines>
            </method>
            <method name="get_StockStatus" signature="()" line-rate="0" branch-rate="1" complexity="1">
              <lines>
                <line number="28" hits="0" branch="False" />
              </lines>
            </method>
            <method name="get_IsFeatured" signature="()" line-rate="0" branch-rate="1" complexity="1">
              <lines>
                <line number="29" hits="0" branch="False" />
              </lines>
            </method>
            <method name="get_FinalScore" signature="()" line-rate="0" branch-rate="1" complexity="1">
              <lines>
                <line number="30" hits="0" branch="False" />
              </lines>
            </method>
          </methods>
          <lines>
            <line number="18" hits="0" branch="False" />
            <line number="19" hits="0" branch="False" />
            <line number="20" hits="0" branch="False" />
            <line number="21" hits="0" branch="False" />
            <line number="22" hits="0" branch="False" />
            <line number="23" hits="0" branch="False" />
            <line number="24" hits="0" branch="False" />
            <line number="25" hits="0" branch="False" />
            <line number="26" hits="0" branch="False" />
            <line number="27" hits="0" branch="False" />
            <line number="28" hits="0" branch="False" />
            <line number="29" hits="0" branch="False" />
            <line number="30" hits="0" branch="False" />
          </lines>
        </class>
        <class name="Nexora.Shared.DTOs.FacetValue" filename="Nexora.Shared/DTOs/SearchResponse.cs" line-rate="0" branch-rate="1" complexity="2">
          <methods>
            <method name="get_Value" signature="()" line-rate="0" branch-rate="1" complexity="1">
              <lines>
                <line number="35" hits="0" branch="False" />
              </lines>
            </method>
            <method name="get_Count" signature="()" line-rate="0" branch-rate="1" complexity="1">
              <lines>
                <line number="36" hits="0" branch="False" />
              </lines>
            </method>
          </methods>
          <lines>
            <line number="35" hits="0" branch="False" />
            <line number="36" hits="0" branch="False" />
          </lines>
        </class>
        <class name="Nexora.Shared.DTOs.SuggestRequest" filename="Nexora.Shared/DTOs/SuggestRequest.cs" line-rate="0" branch-rate="1" complexity="3">
          <methods>
            <method name="get_Query" signature="()" line-rate="0" branch-rate="1" complexity="1">
              <lines>
                <line number="5" hits="0" branch="False" />
              </lines>
            </method>
            <method name="get_Limit" signature="()" line-rate="0" branch-rate="1" complexity="1">
              <lines>
                <line number="6" hits="0" branch="False" />
              </lines>
            </method>
            <method name="get_Category" signature="()" line-rate="0" branch-rate="1" complexity="1">
              <lines>
                <line number="7" hits="0" branch="False" />
              </lines>
            </method>
          </methods>
          <lines>
            <line number="5" hits="0" branch="False" />
            <line number="6" hits="0" branch="False" />
            <line number="7" hits="0" branch="False" />
          </lines>
        </class>
        <class name="Nexora.Shared.DTOs.SuggestResponse" filename="Nexora.Shared/DTOs/SuggestResponse.cs" line-rate="0" branch-rate="1" complexity="3">
          <methods>
            <method name="get_Suggestions" signature="()" line-rate="0" branch-rate="1" complexity="1">
              <lines>
                <line number="5" hits="0" branch="False" />
              </lines>
            </method>
            <method name="get_LatencyMs" signature="()" line-rate="0" branch-rate="1" complexity="1">
              <lines>
                <line number="6" hits="0" branch="False" />
              </lines>
            </method>
            <method name="get_CacheHit" signature="()" line-rate="0" branch-rate="1" complexity="1">
              <lines>
                <line number="7" hits="0" branch="False" />
              </lines>
            </method>
          </methods>
          <lines>
            <line number="5" hits="0" branch="False" />
            <line number="6" hits="0" branch="False" />
            <line number="7" hits="0" branch="False" />
          </lines>
        </class>
        <class name="Nexora.Shared.DTOs.SuggestionItem" filename="Nexora.Shared/DTOs/SuggestResponse.cs" line-rate="0" branch-rate="1" complexity="3">
          <methods>
            <method name="get_Text" signature="()" line-rate="0" branch-rate="1" complexity="1">
              <lines>
                <line number="12" hits="0" branch="False" />
              </lines>
            </method>
            <method name="get_Category" signature="()" line-rate="0" branch-rate="1" complexity="1">
              <lines>
                <line number="13" hits="0" branch="False" />
              </lines>
            </method>
            <method name="get_PopularityScore" signature="()" line-rate="0" branch-rate="1" complexity="1">
              <lines>
                <line number="14" hits="0" branch="False" />
              </lines>
            </method>
          </methods>
          <lines>
            <line number="12" hits="0" branch="False" />
            <line number="13" hits="0" branch="False" />
            <line number="14" hits="0" branch="False" />
          </lines>
        </class>
        <class name="Nexora.Shared.Constants.SearchConstants/CacheKeys" filename="Nexora.Shared/Constants/SearchConstants.cs" line-rate="0" branch-rate="1" complexity="2">
          <methods>
            <method name="Search" signature="(System.String,System.String,System.Int32)" line-rate="0" branch-rate="1" complexity="1">
              <lines>
                <line number="32" hits="0" branch="False" />
              </lines>
            </method>
            <method name="Suggest" signature="(System.String)" line-rate="0" branch-rate="1" complexity="1">
              <lines>
                <line number="34" hits="0" branch="False" />
              </lines>
            </method>
          </methods>
          <lines>
            <line number="32" hits="0" branch="False" />
            <line number="34" hits="0" branch="False" />
          </lines>
        </class>
        <class name="Nexora.Shared.Constants.SearchConstants/CacheTtl" filename="Nexora.Shared/Constants/SearchConstants.cs" line-rate="0" branch-rate="1" complexity="1">
          <methods>
            <method name=".cctor" signature="()" line-rate="0" branch-rate="1" complexity="1">
              <lines>
                <line number="40" hits="0" branch="False" />
                <line number="41" hits="0" branch="False" />
                <line number="42" hits="0" branch="False" />
              </lines>
            </method>
          </methods>
          <lines>
            <line number="40" hits="0" branch="False" />
            <line number="41" hits="0" branch="False" />
            <line number="42" hits="0" branch="False" />
          </lines>
        </class>
      </classes>
    </package>
  </packages>
</coverage>